{"D:\\Projects\\Web\\Study_plugins\\RangeSliderPlugin\\src\\components\\ts\\DefaultToddlerField\\DefaultToddlerField.ts": {"path":"D:\\Projects\\Web\\Study_plugins\\RangeSliderPlugin\\src\\components\\ts\\DefaultToddlerField\\DefaultToddlerField.ts","statementMap":{"0":{"start":{"line":1,"column":0},"end":{"line":1,"column":null}},"1":{"start":{"line":13,"column":8},"end":{"line":13,"column":41}},"2":{"start":{"line":14,"column":8},"end":{"line":14,"column":27}},"3":{"start":{"line":15,"column":8},"end":{"line":15,"column":39}},"4":{"start":{"line":18,"column":11},"end":{"line":18,"column":null}},"5":{"start":{"line":20,"column":11},"end":{"line":44,"column":null}},"6":{"start":{"line":21,"column":8},"end":{"line":43,"column":null}},"7":{"start":{"line":23,"column":32},"end":{"line":23,"column":61}},"8":{"start":{"line":24,"column":34},"end":{"line":24,"column":59}},"9":{"start":{"line":26,"column":30},"end":{"line":26,"column":65}},"10":{"start":{"line":27,"column":12},"end":{"line":27,"column":62}},"11":{"start":{"line":29,"column":31},"end":{"line":29,"column":35}},"12":{"start":{"line":31,"column":12},"end":{"line":31,"column":64}},"13":{"start":{"line":34,"column":32},"end":{"line":34,"column":60}},"14":{"start":{"line":35,"column":34},"end":{"line":35,"column":58}},"15":{"start":{"line":37,"column":31},"end":{"line":37,"column":66}},"16":{"start":{"line":38,"column":12},"end":{"line":38,"column":64}},"17":{"start":{"line":40,"column":30},"end":{"line":40,"column":34}},"18":{"start":{"line":42,"column":12},"end":{"line":42,"column":65}},"19":{"start":{"line":46,"column":11},"end":{"line":50,"column":null}},"20":{"start":{"line":47,"column":8},"end":{"line":47,"column":53}},"21":{"start":{"line":48,"column":8},"end":{"line":48,"column":58}},"22":{"start":{"line":48,"column":43},"end":{"line":48,"column":56}},"23":{"start":{"line":49,"column":8},"end":{"line":49,"column":56}},"24":{"start":{"line":52,"column":11},"end":{"line":56,"column":null}},"25":{"start":{"line":53,"column":8},"end":{"line":53,"column":57}},"26":{"start":{"line":54,"column":8},"end":{"line":54,"column":58}},"27":{"start":{"line":55,"column":8},"end":{"line":55,"column":104}},"28":{"start":{"line":55,"column":45},"end":{"line":55,"column":104}},"29":{"start":{"line":58,"column":11},"end":{"line":63,"column":null}},"30":{"start":{"line":59,"column":8},"end":{"line":59,"column":83}},"31":{"start":{"line":60,"column":8},"end":{"line":60,"column":85}},"32":{"start":{"line":61,"column":8},"end":{"line":61,"column":71}},"33":{"start":{"line":62,"column":8},"end":{"line":62,"column":76}},"34":{"start":{"line":66,"column":12},"end":{"line":68,"column":null}},"35":{"start":{"line":67,"column":8},"end":{"line":67,"column":34}},"36":{"start":{"line":70,"column":12},"end":{"line":72,"column":null}},"37":{"start":{"line":71,"column":8},"end":{"line":71,"column":35}},"38":{"start":{"line":74,"column":12},"end":{"line":77,"column":null}},"39":{"start":{"line":75,"column":8},"end":{"line":75,"column":34}},"40":{"start":{"line":76,"column":8},"end":{"line":76,"column":28}},"41":{"start":{"line":79,"column":12},"end":{"line":116,"column":null}},"42":{"start":{"line":90,"column":8},"end":{"line":103,"column":null}},"43":{"start":{"line":91,"column":12},"end":{"line":91,"column":71}},"44":{"start":{"line":92,"column":12},"end":{"line":92,"column":92}},"45":{"start":{"line":93,"column":12},"end":{"line":93,"column":77}},"46":{"start":{"line":94,"column":12},"end":{"line":94,"column":33}},"47":{"start":{"line":95,"column":12},"end":{"line":95,"column":71}},"48":{"start":{"line":98,"column":12},"end":{"line":98,"column":70}},"49":{"start":{"line":99,"column":12},"end":{"line":99,"column":91}},"50":{"start":{"line":100,"column":12},"end":{"line":100,"column":75}},"51":{"start":{"line":101,"column":12},"end":{"line":101,"column":33}},"52":{"start":{"line":102,"column":12},"end":{"line":102,"column":71}},"53":{"start":{"line":105,"column":27},"end":{"line":105,"column":57}},"54":{"start":{"line":107,"column":27},"end":{"line":107,"column":76}},"55":{"start":{"line":109,"column":8},"end":{"line":110,"column":38}},"56":{"start":{"line":110,"column":12},"end":{"line":110,"column":38}},"57":{"start":{"line":112,"column":8},"end":{"line":113,"column":29}},"58":{"start":{"line":113,"column":12},"end":{"line":113,"column":29}},"59":{"start":{"line":115,"column":8},"end":{"line":115,"column":28}},"60":{"start":{"line":118,"column":12},"end":{"line":128,"column":null}},"61":{"start":{"line":119,"column":8},"end":{"line":127,"column":null}},"62":{"start":{"line":120,"column":25},"end":{"line":120,"column":47}},"63":{"start":{"line":121,"column":12},"end":{"line":124,"column":56}},"64":{"start":{"line":122,"column":16},"end":{"line":122,"column":54}},"65":{"start":{"line":124,"column":16},"end":{"line":124,"column":56}},"66":{"start":{"line":126,"column":12},"end":{"line":126,"column":41}},"67":{"start":{"line":129,"column":0},"end":{"line":129,"column":null}},"68":{"start":{"line":131,"column":0},"end":{"line":131,"column":35}}},"fnMap":{"0":{"name":"(anonymous_0)","decl":{"start":{"line":1,"column":0},"end":{"line":1,"column":null}},"loc":{"start":{"line":1,"column":0},"end":{"line":129,"column":null}}},"1":{"name":"DefaultToddlerField","decl":{"start":{"line":12,"column":4},"end":{"line":12,"column":16}},"loc":{"start":{"line":12,"column":71},"end":{"line":16,"column":5}}},"2":{"name":"(anonymous_2)","decl":{"start":{"line":18,"column":4},"end":{"line":18,"column":11}},"loc":{"start":{"line":18,"column":41},"end":{"line":18,"column":51}}},"3":{"name":"(anonymous_3)","decl":{"start":{"line":20,"column":4},"end":{"line":20,"column":11}},"loc":{"start":{"line":20,"column":47},"end":{"line":44,"column":5}}},"4":{"name":"(anonymous_4)","decl":{"start":{"line":46,"column":4},"end":{"line":46,"column":11}},"loc":{"start":{"line":46,"column":4},"end":{"line":50,"column":5}}},"5":{"name":"(anonymous_5)","decl":{"start":{"line":48,"column":35},"end":{"line":48,"column":43}},"loc":{"start":{"line":48,"column":35},"end":{"line":48,"column":57}}},"6":{"name":"(anonymous_6)","decl":{"start":{"line":52,"column":4},"end":{"line":52,"column":11}},"loc":{"start":{"line":52,"column":4},"end":{"line":56,"column":5}}},"7":{"name":"(anonymous_7)","decl":{"start":{"line":58,"column":4},"end":{"line":58,"column":11}},"loc":{"start":{"line":58,"column":4},"end":{"line":63,"column":5}}},"8":{"name":"(anonymous_8)","decl":{"start":{"line":66,"column":4},"end":{"line":66,"column":12}},"loc":{"start":{"line":66,"column":4},"end":{"line":68,"column":5}}},"9":{"name":"(anonymous_9)","decl":{"start":{"line":70,"column":4},"end":{"line":70,"column":12}},"loc":{"start":{"line":70,"column":4},"end":{"line":72,"column":5}}},"10":{"name":"(anonymous_10)","decl":{"start":{"line":74,"column":4},"end":{"line":74,"column":12}},"loc":{"start":{"line":74,"column":38},"end":{"line":77,"column":5}}},"11":{"name":"(anonymous_11)","decl":{"start":{"line":79,"column":4},"end":{"line":79,"column":12}},"loc":{"start":{"line":79,"column":40},"end":{"line":116,"column":5}}},"12":{"name":"(anonymous_12)","decl":{"start":{"line":118,"column":4},"end":{"line":118,"column":12}},"loc":{"start":{"line":118,"column":37},"end":{"line":128,"column":5}}}},"branchMap":{"0":{"loc":{"start":{"line":21,"column":8},"end":{"line":43,"column":null}},"type":"if","locations":[{"start":{"line":21,"column":8},"end":{"line":43,"column":null}},{"start":{"line":21,"column":8},"end":{"line":43,"column":null}}]},"1":{"loc":{"start":{"line":55,"column":8},"end":{"line":55,"column":104}},"type":"if","locations":[{"start":{"line":55,"column":8},"end":{"line":55,"column":104}},{"start":{"line":55,"column":8},"end":{"line":55,"column":104}}]},"2":{"loc":{"start":{"line":90,"column":8},"end":{"line":103,"column":null}},"type":"if","locations":[{"start":{"line":90,"column":8},"end":{"line":103,"column":null}},{"start":{"line":90,"column":8},"end":{"line":103,"column":null}}]},"3":{"loc":{"start":{"line":109,"column":8},"end":{"line":110,"column":38}},"type":"if","locations":[{"start":{"line":109,"column":8},"end":{"line":110,"column":38}},{"start":{"line":109,"column":8},"end":{"line":110,"column":38}}]},"4":{"loc":{"start":{"line":112,"column":8},"end":{"line":113,"column":29}},"type":"if","locations":[{"start":{"line":112,"column":8},"end":{"line":113,"column":29}},{"start":{"line":112,"column":8},"end":{"line":113,"column":29}}]},"5":{"loc":{"start":{"line":119,"column":8},"end":{"line":127,"column":null}},"type":"if","locations":[{"start":{"line":119,"column":8},"end":{"line":127,"column":null}},{"start":{"line":119,"column":8},"end":{"line":127,"column":null}}]},"6":{"loc":{"start":{"line":121,"column":12},"end":{"line":124,"column":56}},"type":"if","locations":[{"start":{"line":121,"column":12},"end":{"line":124,"column":56}},{"start":{"line":121,"column":12},"end":{"line":124,"column":56}}]}},"s":{"0":1,"1":9,"2":9,"3":9,"4":1,"5":1,"6":2,"7":1,"8":1,"9":1,"10":1,"11":1,"12":1,"13":1,"14":1,"15":1,"16":1,"17":1,"18":1,"19":1,"20":6,"21":6,"22":1,"23":6,"24":1,"25":7,"26":7,"27":7,"28":3,"29":1,"30":3,"31":3,"32":3,"33":3,"34":1,"35":1,"36":1,"37":3,"38":1,"39":8,"40":8,"41":1,"42":13,"43":4,"44":4,"45":4,"46":4,"47":4,"48":9,"49":9,"50":9,"51":9,"52":9,"53":13,"54":13,"55":13,"56":0,"57":13,"58":1,"59":13,"60":1,"61":14,"62":13,"63":13,"64":9,"65":4,"66":13,"67":1,"68":1},"f":{"0":1,"1":9,"2":10,"3":2,"4":6,"5":1,"6":7,"7":3,"8":1,"9":3,"10":8,"11":13,"12":14},"b":{"0":[1,1],"1":[3,4],"2":[4,9],"3":[0,13],"4":[1,12],"5":[13,1],"6":[9,4]}}
,"D:\\Projects\\Web\\Study_plugins\\RangeSliderPlugin\\src\\components\\ts\\MinMaxFields\\MinMaxFields.ts": {"path":"D:\\Projects\\Web\\Study_plugins\\RangeSliderPlugin\\src\\components\\ts\\MinMaxFields\\MinMaxFields.ts","statementMap":{"0":{"start":{"line":1,"column":0},"end":{"line":1,"column":null}},"1":{"start":{"line":12,"column":8},"end":{"line":12,"column":39}},"2":{"start":{"line":13,"column":8},"end":{"line":13,"column":23}},"3":{"start":{"line":14,"column":8},"end":{"line":14,"column":23}},"4":{"start":{"line":17,"column":11},"end":{"line":25,"column":null}},"5":{"start":{"line":18,"column":8},"end":{"line":18,"column":54}},"6":{"start":{"line":19,"column":8},"end":{"line":19,"column":59}},"7":{"start":{"line":21,"column":8},"end":{"line":21,"column":54}},"8":{"start":{"line":22,"column":8},"end":{"line":22,"column":50}},"9":{"start":{"line":24,"column":8},"end":{"line":24,"column":48}},"10":{"start":{"line":27,"column":11},"end":{"line":35,"column":null}},"11":{"start":{"line":28,"column":8},"end":{"line":28,"column":54}},"12":{"start":{"line":29,"column":8},"end":{"line":29,"column":59}},"13":{"start":{"line":31,"column":8},"end":{"line":31,"column":54}},"14":{"start":{"line":32,"column":8},"end":{"line":32,"column":50}},"15":{"start":{"line":34,"column":8},"end":{"line":34,"column":48}},"16":{"start":{"line":39,"column":11},"end":{"line":50,"column":null}},"17":{"start":{"line":40,"column":8},"end":{"line":48,"column":null}},"18":{"start":{"line":41,"column":24},"end":{"line":41,"column":55}},"19":{"start":{"line":42,"column":12},"end":{"line":42,"column":57}},"20":{"start":{"line":43,"column":12},"end":{"line":43,"column":45}},"21":{"start":{"line":45,"column":26},"end":{"line":45,"column":27}},"22":{"start":{"line":46,"column":12},"end":{"line":46,"column":61}},"23":{"start":{"line":47,"column":12},"end":{"line":47,"column":47}},"24":{"start":{"line":52,"column":11},"end":{"line":62,"column":null}},"25":{"start":{"line":53,"column":8},"end":{"line":61,"column":null}},"26":{"start":{"line":54,"column":24},"end":{"line":54,"column":55}},"27":{"start":{"line":55,"column":12},"end":{"line":55,"column":57}},"28":{"start":{"line":56,"column":12},"end":{"line":56,"column":46}},"29":{"start":{"line":58,"column":26},"end":{"line":58,"column":27}},"30":{"start":{"line":59,"column":12},"end":{"line":59,"column":61}},"31":{"start":{"line":60,"column":12},"end":{"line":60,"column":44}},"32":{"start":{"line":64,"column":11},"end":{"line":69,"column":null}},"33":{"start":{"line":65,"column":8},"end":{"line":67,"column":null}},"34":{"start":{"line":66,"column":12},"end":{"line":66,"column":86}},"35":{"start":{"line":71,"column":11},"end":{"line":75,"column":null}},"36":{"start":{"line":72,"column":8},"end":{"line":74,"column":null}},"37":{"start":{"line":73,"column":12},"end":{"line":73,"column":86}},"38":{"start":{"line":77,"column":11},"end":{"line":80,"column":null}},"39":{"start":{"line":78,"column":8},"end":{"line":78,"column":68}},"40":{"start":{"line":79,"column":8},"end":{"line":79,"column":68}},"41":{"start":{"line":81,"column":0},"end":{"line":81,"column":null}},"42":{"start":{"line":83,"column":0},"end":{"line":83,"column":28}}},"fnMap":{"0":{"name":"(anonymous_0)","decl":{"start":{"line":1,"column":0},"end":{"line":1,"column":null}},"loc":{"start":{"line":1,"column":0},"end":{"line":81,"column":null}}},"1":{"name":"MinMaxFields","decl":{"start":{"line":11,"column":4},"end":{"line":11,"column":16}},"loc":{"start":{"line":11,"column":66},"end":{"line":15,"column":5}}},"2":{"name":"(anonymous_2)","decl":{"start":{"line":17,"column":4},"end":{"line":17,"column":11}},"loc":{"start":{"line":17,"column":4},"end":{"line":25,"column":5}}},"3":{"name":"(anonymous_3)","decl":{"start":{"line":27,"column":4},"end":{"line":27,"column":11}},"loc":{"start":{"line":27,"column":4},"end":{"line":35,"column":5}}},"4":{"name":"(anonymous_4)","decl":{"start":{"line":39,"column":4},"end":{"line":39,"column":11}},"loc":{"start":{"line":39,"column":39},"end":{"line":50,"column":5}}},"5":{"name":"(anonymous_5)","decl":{"start":{"line":52,"column":4},"end":{"line":52,"column":11}},"loc":{"start":{"line":52,"column":39},"end":{"line":62,"column":5}}},"6":{"name":"(anonymous_6)","decl":{"start":{"line":64,"column":4},"end":{"line":64,"column":11}},"loc":{"start":{"line":64,"column":4},"end":{"line":69,"column":5}}},"7":{"name":"(anonymous_7)","decl":{"start":{"line":71,"column":4},"end":{"line":71,"column":11}},"loc":{"start":{"line":71,"column":4},"end":{"line":75,"column":5}}},"8":{"name":"(anonymous_8)","decl":{"start":{"line":77,"column":4},"end":{"line":77,"column":11}},"loc":{"start":{"line":77,"column":4},"end":{"line":80,"column":5}}}},"branchMap":{"0":{"loc":{"start":{"line":40,"column":8},"end":{"line":48,"column":null}},"type":"if","locations":[{"start":{"line":40,"column":8},"end":{"line":48,"column":null}},{"start":{"line":40,"column":8},"end":{"line":48,"column":null}}]},"1":{"loc":{"start":{"line":53,"column":8},"end":{"line":61,"column":null}},"type":"if","locations":[{"start":{"line":53,"column":8},"end":{"line":61,"column":null}},{"start":{"line":53,"column":8},"end":{"line":61,"column":null}}]},"2":{"loc":{"start":{"line":65,"column":8},"end":{"line":67,"column":null}},"type":"if","locations":[{"start":{"line":65,"column":8},"end":{"line":67,"column":null}},{"start":{"line":65,"column":8},"end":{"line":67,"column":null}}]},"3":{"loc":{"start":{"line":72,"column":8},"end":{"line":74,"column":null}},"type":"if","locations":[{"start":{"line":72,"column":8},"end":{"line":74,"column":null}},{"start":{"line":72,"column":8},"end":{"line":74,"column":null}}]}},"s":{"0":1,"1":7,"2":7,"3":7,"4":1,"5":4,"6":4,"7":4,"8":4,"9":4,"10":1,"11":4,"12":4,"13":4,"14":4,"15":4,"16":1,"17":2,"18":1,"19":1,"20":1,"21":1,"22":1,"23":1,"24":1,"25":2,"26":1,"27":1,"28":1,"29":1,"30":1,"31":1,"32":1,"33":2,"34":1,"35":1,"36":2,"37":1,"38":1,"39":1,"40":1,"41":1,"42":1},"f":{"0":1,"1":7,"2":4,"3":4,"4":2,"5":2,"6":2,"7":2,"8":1},"b":{"0":[1,1],"1":[1,1],"2":[1,1],"3":[1,1]}}
,"D:\\Projects\\Web\\Study_plugins\\RangeSliderPlugin\\src\\components\\ts\\Model\\Model.ts": {"path":"D:\\Projects\\Web\\Study_plugins\\RangeSliderPlugin\\src\\components\\ts\\Model\\Model.ts","statementMap":{"0":{"start":{"line":1,"column":0},"end":{"line":1,"column":46}},"1":{"start":{"line":2,"column":0},"end":{"line":2,"column":61}},"2":{"start":{"line":4,"column":0},"end":{"line":4,"column":null}},"3":{"start":{"line":22,"column":8},"end":{"line":22,"column":31}},"4":{"start":{"line":24,"column":8},"end":{"line":37,"column":null}},"5":{"start":{"line":40,"column":11},"end":{"line":47,"column":null}},"6":{"start":{"line":41,"column":8},"end":{"line":41,"column":29}},"7":{"start":{"line":42,"column":8},"end":{"line":42,"column":24}},"8":{"start":{"line":43,"column":8},"end":{"line":43,"column":33}},"9":{"start":{"line":44,"column":8},"end":{"line":44,"column":32}},"10":{"start":{"line":45,"column":8},"end":{"line":45,"column":32}},"11":{"start":{"line":46,"column":8},"end":{"line":46,"column":29}},"12":{"start":{"line":49,"column":12},"end":{"line":51,"column":null}},"13":{"start":{"line":50,"column":8},"end":{"line":50,"column":99}},"14":{"start":{"line":53,"column":12},"end":{"line":57,"column":null}},"15":{"start":{"line":54,"column":8},"end":{"line":54,"column":91}},"16":{"start":{"line":55,"column":8},"end":{"line":55,"column":91}},"17":{"start":{"line":56,"column":8},"end":{"line":56,"column":95}},"18":{"start":{"line":59,"column":12},"end":{"line":61,"column":null}},"19":{"start":{"line":60,"column":8},"end":{"line":60,"column":123}},"20":{"start":{"line":63,"column":12},"end":{"line":65,"column":null}},"21":{"start":{"line":64,"column":8},"end":{"line":64,"column":127}},"22":{"start":{"line":67,"column":12},"end":{"line":69,"column":null}},"23":{"start":{"line":68,"column":8},"end":{"line":68,"column":123}},"24":{"start":{"line":71,"column":12},"end":{"line":73,"column":null}},"25":{"start":{"line":72,"column":8},"end":{"line":72,"column":123}},"26":{"start":{"line":74,"column":0},"end":{"line":74,"column":null}}},"fnMap":{"0":{"name":"(anonymous_0)","decl":{"start":{"line":4,"column":0},"end":{"line":4,"column":null}},"loc":{"start":{"line":4,"column":0},"end":{"line":74,"column":null}}},"1":{"name":"Model","decl":{"start":{"line":21,"column":4},"end":{"line":21,"column":16}},"loc":{"start":{"line":21,"column":32},"end":{"line":38,"column":5}}},"2":{"name":"(anonymous_2)","decl":{"start":{"line":40,"column":4},"end":{"line":40,"column":11}},"loc":{"start":{"line":40,"column":4},"end":{"line":47,"column":5}}},"3":{"name":"(anonymous_3)","decl":{"start":{"line":49,"column":4},"end":{"line":49,"column":12}},"loc":{"start":{"line":49,"column":4},"end":{"line":51,"column":5}}},"4":{"name":"(anonymous_4)","decl":{"start":{"line":53,"column":4},"end":{"line":53,"column":12}},"loc":{"start":{"line":53,"column":4},"end":{"line":57,"column":5}}},"5":{"name":"(anonymous_5)","decl":{"start":{"line":59,"column":4},"end":{"line":59,"column":12}},"loc":{"start":{"line":59,"column":4},"end":{"line":61,"column":5}}},"6":{"name":"(anonymous_6)","decl":{"start":{"line":63,"column":4},"end":{"line":63,"column":12}},"loc":{"start":{"line":63,"column":4},"end":{"line":65,"column":5}}},"7":{"name":"(anonymous_7)","decl":{"start":{"line":67,"column":4},"end":{"line":67,"column":12}},"loc":{"start":{"line":67,"column":4},"end":{"line":69,"column":5}}},"8":{"name":"(anonymous_8)","decl":{"start":{"line":71,"column":4},"end":{"line":71,"column":12}},"loc":{"start":{"line":71,"column":4},"end":{"line":73,"column":5}}}},"branchMap":{"0":{"loc":{"start":{"line":50,"column":56},"end":{"line":50,"column":77}},"type":"cond-expr","locations":[{"start":{"line":50,"column":56},"end":{"line":50,"column":77}},{"start":{"line":50,"column":80},"end":{"line":50,"column":98}}]},"1":{"loc":{"start":{"line":54,"column":52},"end":{"line":54,"column":71}},"type":"cond-expr","locations":[{"start":{"line":54,"column":52},"end":{"line":54,"column":71}},{"start":{"line":54,"column":74},"end":{"line":54,"column":90}}]},"2":{"loc":{"start":{"line":55,"column":52},"end":{"line":55,"column":71}},"type":"cond-expr","locations":[{"start":{"line":55,"column":52},"end":{"line":55,"column":71}},{"start":{"line":55,"column":74},"end":{"line":55,"column":90}}]},"3":{"loc":{"start":{"line":56,"column":54},"end":{"line":56,"column":74}},"type":"cond-expr","locations":[{"start":{"line":56,"column":54},"end":{"line":56,"column":74}},{"start":{"line":56,"column":77},"end":{"line":56,"column":94}}]},"4":{"loc":{"start":{"line":60,"column":68},"end":{"line":60,"column":95}},"type":"cond-expr","locations":[{"start":{"line":60,"column":68},"end":{"line":60,"column":95}},{"start":{"line":60,"column":98},"end":{"line":60,"column":122}}]},"5":{"loc":{"start":{"line":64,"column":70},"end":{"line":64,"column":98}},"type":"cond-expr","locations":[{"start":{"line":64,"column":70},"end":{"line":64,"column":98}},{"start":{"line":64,"column":101},"end":{"line":64,"column":126}}]},"6":{"loc":{"start":{"line":68,"column":68},"end":{"line":68,"column":95}},"type":"cond-expr","locations":[{"start":{"line":68,"column":68},"end":{"line":68,"column":95}},{"start":{"line":68,"column":98},"end":{"line":68,"column":122}}]},"7":{"loc":{"start":{"line":72,"column":68},"end":{"line":72,"column":95}},"type":"cond-expr","locations":[{"start":{"line":72,"column":68},"end":{"line":72,"column":95}},{"start":{"line":72,"column":98},"end":{"line":72,"column":122}}]}},"s":{"0":1,"1":1,"2":1,"3":2,"4":2,"5":1,"6":1,"7":1,"8":1,"9":1,"10":1,"11":1,"12":1,"13":1,"14":1,"15":1,"16":1,"17":1,"18":1,"19":1,"20":1,"21":1,"22":1,"23":1,"24":1,"25":1,"26":1},"f":{"0":1,"1":2,"2":1,"3":1,"4":1,"5":1,"6":1,"7":1,"8":1},"b":{"0":[1,0],"1":[1,0],"2":[1,0],"3":[1,0],"4":[1,0],"5":[1,0],"6":[1,0],"7":[1,0]}}
,"D:\\Projects\\Web\\Study_plugins\\RangeSliderPlugin\\src\\components\\ts\\Multitoddler\\MultiToddler.ts": {"path":"D:\\Projects\\Web\\Study_plugins\\RangeSliderPlugin\\src\\components\\ts\\Multitoddler\\MultiToddler.ts","statementMap":{"0":{"start":{"line":1,"column":0},"end":{"line":1,"column":null}},"1":{"start":{"line":6,"column":8},"end":{"line":6,"column":29}},"2":{"start":{"line":7,"column":8},"end":{"line":7,"column":39}},"3":{"start":{"line":9,"column":0},"end":{"line":9,"column":null}},"4":{"start":{"line":11,"column":0},"end":{"line":11,"column":null}}},"fnMap":{"0":{"name":"(anonymous_0)","decl":{"start":{"line":1,"column":0},"end":{"line":1,"column":null}},"loc":{"start":{"line":1,"column":0},"end":{"line":9,"column":null}}},"1":{"name":"MultiToddler","decl":{"start":{"line":5,"column":4},"end":{"line":5,"column":16}},"loc":{"start":{"line":5,"column":53},"end":{"line":8,"column":5}}}},"branchMap":{},"s":{"0":1,"1":1,"2":1,"3":1,"4":1},"f":{"0":1,"1":1},"b":{}}
,"D:\\Projects\\Web\\Study_plugins\\RangeSliderPlugin\\src\\components\\ts\\ProgressBar\\ProgressBar.ts": {"path":"D:\\Projects\\Web\\Study_plugins\\RangeSliderPlugin\\src\\components\\ts\\ProgressBar\\ProgressBar.ts","statementMap":{"0":{"start":{"line":1,"column":0},"end":{"line":1,"column":null}},"1":{"start":{"line":8,"column":8},"end":{"line":11,"column":null}},"2":{"start":{"line":9,"column":12},"end":{"line":9,"column":60}},"3":{"start":{"line":10,"column":12},"end":{"line":10,"column":52}},"4":{"start":{"line":12,"column":8},"end":{"line":15,"column":null}},"5":{"start":{"line":13,"column":12},"end":{"line":13,"column":61}},"6":{"start":{"line":14,"column":12},"end":{"line":14,"column":53}},"7":{"start":{"line":16,"column":8},"end":{"line":16,"column":39}},"8":{"start":{"line":19,"column":11},"end":{"line":26,"column":null}},"9":{"start":{"line":20,"column":8},"end":{"line":20,"column":57}},"10":{"start":{"line":22,"column":8},"end":{"line":22,"column":62}},"11":{"start":{"line":23,"column":8},"end":{"line":25,"column":null}},"12":{"start":{"line":24,"column":12},"end":{"line":24,"column":75}},"13":{"start":{"line":28,"column":11},"end":{"line":37,"column":null}},"14":{"start":{"line":29,"column":8},"end":{"line":35,"column":null}},"15":{"start":{"line":30,"column":34},"end":{"line":30,"column":86}},"16":{"start":{"line":31,"column":12},"end":{"line":31,"column":64}},"17":{"start":{"line":33,"column":32},"end":{"line":33,"column":84}},"18":{"start":{"line":34,"column":12},"end":{"line":34,"column":60}},"19":{"start":{"line":38,"column":0},"end":{"line":38,"column":null}}},"fnMap":{"0":{"name":"(anonymous_0)","decl":{"start":{"line":1,"column":0},"end":{"line":1,"column":null}},"loc":{"start":{"line":1,"column":0},"end":{"line":38,"column":null}}},"1":{"name":"ProgressBar","decl":{"start":{"line":7,"column":4},"end":{"line":7,"column":16}},"loc":{"start":{"line":7,"column":83},"end":{"line":17,"column":5}}},"2":{"name":"(anonymous_2)","decl":{"start":{"line":19,"column":4},"end":{"line":19,"column":11}},"loc":{"start":{"line":19,"column":4},"end":{"line":26,"column":5}}},"3":{"name":"(anonymous_3)","decl":{"start":{"line":28,"column":4},"end":{"line":28,"column":11}},"loc":{"start":{"line":28,"column":47},"end":{"line":37,"column":5}}}},"branchMap":{"0":{"loc":{"start":{"line":8,"column":8},"end":{"line":11,"column":null}},"type":"if","locations":[{"start":{"line":8,"column":8},"end":{"line":11,"column":null}},{"start":{"line":8,"column":8},"end":{"line":11,"column":null}}]},"1":{"loc":{"start":{"line":12,"column":8},"end":{"line":15,"column":null}},"type":"if","locations":[{"start":{"line":12,"column":8},"end":{"line":15,"column":null}},{"start":{"line":12,"column":8},"end":{"line":15,"column":null}}]},"2":{"loc":{"start":{"line":23,"column":8},"end":{"line":25,"column":null}},"type":"if","locations":[{"start":{"line":23,"column":8},"end":{"line":25,"column":null}},{"start":{"line":23,"column":8},"end":{"line":25,"column":null}}]},"3":{"loc":{"start":{"line":29,"column":8},"end":{"line":35,"column":null}},"type":"if","locations":[{"start":{"line":29,"column":8},"end":{"line":35,"column":null}},{"start":{"line":29,"column":8},"end":{"line":35,"column":null}}]}},"s":{"0":1,"1":6,"2":3,"3":3,"4":6,"5":3,"6":3,"7":6,"8":1,"9":4,"10":4,"11":4,"12":2,"13":1,"14":4,"15":2,"16":2,"17":2,"18":2,"19":1},"f":{"0":1,"1":6,"2":4,"3":4},"b":{"0":[3,3],"1":[3,3],"2":[2,2],"3":[2,2]}}
}
