TN:
SF:src\components\ts\MinMaxFields\MinMaxFields.ts
FN:1,(anonymous_0)
FN:11,MinMaxFields
FN:17,(anonymous_2)
FN:27,(anonymous_3)
FN:39,(anonymous_4)
FN:52,(anonymous_5)
FN:64,(anonymous_6)
FN:71,(anonymous_7)
FN:77,(anonymous_8)
FNF:9
FNH:9
FNDA:1,(anonymous_0)
FNDA:7,MinMaxFields
FNDA:4,(anonymous_2)
FNDA:4,(anonymous_3)
FNDA:2,(anonymous_4)
FNDA:2,(anonymous_5)
FNDA:2,(anonymous_6)
FNDA:2,(anonymous_7)
FNDA:1,(anonymous_8)
DA:1,1
DA:12,7
DA:13,7
DA:14,7
DA:17,1
DA:18,4
DA:19,4
DA:21,4
DA:22,4
DA:24,4
DA:27,1
DA:28,4
DA:29,4
DA:31,4
DA:32,4
DA:34,4
DA:39,1
DA:40,2
DA:41,1
DA:42,1
DA:43,1
DA:45,1
DA:46,1
DA:47,1
DA:52,1
DA:53,2
DA:54,1
DA:55,1
DA:56,1
DA:58,1
DA:59,1
DA:60,1
DA:64,1
DA:65,2
DA:66,1
DA:71,1
DA:72,2
DA:73,1
DA:77,1
DA:78,1
DA:79,1
DA:81,1
DA:83,1
LF:43
LH:43
BRDA:40,0,0,1
BRDA:40,0,1,1
BRDA:53,1,0,1
BRDA:53,1,1,1
BRDA:65,2,0,1
BRDA:65,2,1,1
BRDA:72,3,0,1
BRDA:72,3,1,1
BRF:8
BRH:8
end_of_record
TN:
SF:src\components\ts\Model\Model.ts
FN:4,(anonymous_0)
FN:21,Model
FN:40,(anonymous_2)
FN:49,(anonymous_3)
FN:53,(anonymous_4)
FN:59,(anonymous_5)
FN:63,(anonymous_6)
FN:67,(anonymous_7)
FN:71,(anonymous_8)
FNF:9
FNH:9
FNDA:1,(anonymous_0)
FNDA:2,Model
FNDA:1,(anonymous_2)
FNDA:1,(anonymous_3)
FNDA:1,(anonymous_4)
FNDA:1,(anonymous_5)
FNDA:1,(anonymous_6)
FNDA:1,(anonymous_7)
FNDA:1,(anonymous_8)
DA:1,1
DA:2,1
DA:4,1
DA:22,2
DA:24,2
DA:40,1
DA:41,1
DA:42,1
DA:43,1
DA:44,1
DA:45,1
DA:46,1
DA:49,1
DA:50,1
DA:53,1
DA:54,1
DA:55,1
DA:56,1
DA:59,1
DA:60,1
DA:63,1
DA:64,1
DA:67,1
DA:68,1
DA:71,1
DA:72,1
DA:74,1
LF:27
LH:27
BRDA:50,0,0,1
BRDA:50,0,1,0
BRDA:54,1,0,1
BRDA:54,1,1,0
BRDA:55,2,0,1
BRDA:55,2,1,0
BRDA:56,3,0,1
BRDA:56,3,1,0
BRDA:60,4,0,1
BRDA:60,4,1,0
BRDA:64,5,0,1
BRDA:64,5,1,0
BRDA:68,6,0,1
BRDA:68,6,1,0
BRDA:72,7,0,1
BRDA:72,7,1,0
BRF:16
BRH:8
end_of_record
TN:
SF:src\components\ts\ProgressBar\ProgressBar.ts
FN:1,(anonymous_0)
FN:7,ProgressBar
FN:19,(anonymous_2)
FN:28,(anonymous_3)
FN:39,(anonymous_4)
FNF:5
FNH:4
FNDA:1,(anonymous_0)
FNDA:6,ProgressBar
FNDA:4,(anonymous_2)
FNDA:4,(anonymous_3)
FNDA:0,(anonymous_4)
DA:1,1
DA:8,6
DA:9,3
DA:10,3
DA:12,6
DA:13,3
DA:14,3
DA:16,6
DA:19,1
DA:20,4
DA:22,4
DA:23,4
DA:24,2
DA:28,1
DA:29,4
DA:30,2
DA:31,2
DA:33,2
DA:34,2
DA:39,1
DA:40,0
DA:41,0
DA:42,0
DA:44,0
DA:45,0
DA:48,1
LF:26
LH:21
BRDA:8,0,0,3
BRDA:8,0,1,3
BRDA:12,1,0,3
BRDA:12,1,1,3
BRDA:23,2,0,2
BRDA:23,2,1,2
BRDA:29,3,0,2
BRDA:29,3,1,2
BRDA:40,4,0,0
BRDA:40,4,1,0
BRF:10
BRH:8
end_of_record
